{"/Users/julianvenci/Library/Mobile Documents/com~apple~CloudDocs/Hack Reactor/Immersive/Sr./FEC/similar_homes_module/client/src/App.jsx": {"path":"/Users/julianvenci/Library/Mobile Documents/com~apple~CloudDocs/Hack Reactor/Immersive/Sr./FEC/similar_homes_module/client/src/App.jsx","statementMap":{"0":{"start":{"line":4,"column":12},"end":{"line":9,"column":1}},"1":{"start":{"line":5,"column":16},"end":{"line":5,"column":94}},"2":{"start":{"line":7,"column":2},"end":{"line":7,"column":17}}},"fnMap":{"0":{"name":"(anonymous_0)","decl":{"start":{"line":4,"column":12},"end":{"line":4,"column":13}},"loc":{"start":{"line":4,"column":18},"end":{"line":9,"column":1}},"line":4}},"branchMap":{},"s":{"0":1,"1":1,"2":1},"f":{"0":1},"b":{},"_coverageSchema":"43e27e138ebf9cfc5966b082cf9a028302ed4184","hash":"8b2a0f0198883c1c3e14639a3f62fef10225fe5e"}
}
